<?xml version="1.0" encoding="UTF-8" ?>
<testsuite tests="29" failures="0" name="edu.umd.cs.psl.database.rdbms.RDBMSDataStoreTest" time="1.157" errors="0" skipped="0">
  <properties>
[...]
</properties>
  <testcase classname="edu.umd.cs.psl.database.rdbms.RDBMSDataStoreTest" name="testInsertAndGetAtom" time="0.083"/>
  <testcase classname="edu.umd.cs.psl.database.rdbms.RDBMSDataStoreTest" name="testExecuteQuery" time="0.048"/>
  <testcase classname="edu.umd.cs.psl.database.rdbms.RDBMSDataStoreTest" name="testExecuteQueryIllegalProjectionVariable" time="0.038"/>
  <testcase classname="edu.umd.cs.psl.database.rdbms.RDBMSDataStoreTest" name="testSpecialPredicates" time="0.038"/>
  <testcase classname="edu.umd.cs.psl.database.rdbms.RDBMSDataStoreTest" name="testGetAtomUnregisteredPredicate" time="0.034"/>
  <testcase classname="edu.umd.cs.psl.database.rdbms.RDBMSDataStoreTest" name="testLateRegisteredPredicate" time="0.035"/>
  <testcase classname="edu.umd.cs.psl.database.rdbms.RDBMSDataStoreTest" name="testAtomInReadAndWritePartitions" time="0.036"/>
  <testcase classname="edu.umd.cs.psl.database.rdbms.RDBMSDataStoreTest" name="testAtomInTwoReadPartitions" time="0.034"/>
  <testcase classname="edu.umd.cs.psl.database.rdbms.RDBMSDataStoreTest" name="testSharedReadPartition" time="0.035"/>
  <testcase classname="edu.umd.cs.psl.database.rdbms.RDBMSDataStoreTest" name="testSharedWritePartition" time="0.032"/>
  <testcase classname="edu.umd.cs.psl.database.rdbms.RDBMSDataStoreTest" name="testSharedReadWritePartition1" time="0.034"/>
  <testcase classname="edu.umd.cs.psl.database.rdbms.RDBMSDataStoreTest" name="testSharedReadWritePartition2" time="0.045"/>
  <testcase classname="edu.umd.cs.psl.database.rdbms.RDBMSDataStoreTest" name="testGetInserterUnregisteredPredicate" time="0.032"/>
  <testcase classname="edu.umd.cs.psl.database.rdbms.RDBMSDataStoreTest" name="testGetInserterPartitionInUseWrite" time="0.033"/>
  <testcase classname="edu.umd.cs.psl.database.rdbms.RDBMSDataStoreTest" name="testGetInserterPartitionInUseRead" time="0.033"/>
  <testcase classname="edu.umd.cs.psl.database.rdbms.RDBMSDataStoreTest" name="testGetInserterForDeserializedPredicate" time="0.075"/>
  <testcase classname="edu.umd.cs.psl.database.rdbms.RDBMSDataStoreTest" name="testGetAtomAfterClose" time="0.036"/>
  <testcase classname="edu.umd.cs.psl.database.rdbms.RDBMSDataStoreTest" name="testCommitAfterClose" time="0.036"/>
  <testcase classname="edu.umd.cs.psl.database.rdbms.RDBMSDataStoreTest" name="testQueryAfterClose" time="0.036"/>
  <testcase classname="edu.umd.cs.psl.database.rdbms.RDBMSDataStoreTest" name="testDeletePartition" time="0.035"/>
  <testcase classname="edu.umd.cs.psl.database.rdbms.RDBMSDataStoreTest" name="testDeletePartitionInUse" time="0.032"/>
  <testcase classname="edu.umd.cs.psl.database.rdbms.RDBMSDataStoreTest" name="testIsClosed" time="0.034"/>
  <testcase classname="edu.umd.cs.psl.database.rdbms.RDBMSDataStoreTest" name="testCommit" time="0.035"/>
  <testcase classname="edu.umd.cs.psl.database.rdbms.RDBMSDataStoreTest" name="testDoubleCommit" time="0.035"/>
  <testcase classname="edu.umd.cs.psl.database.rdbms.RDBMSDataStoreTest" name="testInsertTwoAtoms" time="0.034"/>
  <testcase classname="edu.umd.cs.psl.database.rdbms.RDBMSDataStoreTest" name="testStringEscaping" time="0.034"/>
  <testcase classname="edu.umd.cs.psl.database.rdbms.RDBMSDataStoreTest" name="testPredicateRegistration" time="0.033"/>
  <testcase classname="edu.umd.cs.psl.database.rdbms.RDBMSDataStoreTest" name="testPredicateSerialization" time="0.068"/>
  <testcase classname="edu.umd.cs.psl.database.rdbms.RDBMSDataStoreTest" name="testExternalFunctionalPredicate" time="0.036"/>
</testsuite>